Could not find platform independent libraries <prefix>
Could not find platform dependent libraries <exec_prefix>
Python path configuration:
  PYTHONHOME = (not set)
  PYTHONPATH = (not set)
  program name = '/home/a1i3n37x/.local/share/pypoetry/venv/bin/python3'
  isolated = 0
  environment = 1
  user site = 1
  safe_path = 0
  import site = 1
  is in build tree = 0
  stdlib dir = '/install/lib/python3.11'
  sys._base_executable = '/usr/bin/python3'
  sys.base_prefix = '/install'
  sys.base_exec_prefix = '/install'
  sys.platlibdir = 'lib'
  sys.executable = '/home/a1i3n37x/.local/share/pypoetry/venv/bin/python3'
  sys.prefix = '/install'
  sys.exec_prefix = '/install'
  sys.path = [
    '/install/lib/python311.zip',
    '/install/lib/python3.11',
    '/install/lib/python3.11/lib-dynload',
  ]
Fatal Python error: init_fs_encoding: failed to get the Python codec of the filesystem encoding
Python runtime state: core initialized
ModuleNotFoundError: No module named 'encodings'

Current thread 0x00007f9ce54e4740 (most recent call first):
  <no Python frame>

Traceback:

  File "<stdin>", line 937, in main
  File "<stdin>", line 576, in run
